ERROR 2018-03-04T00:23:49Z: racer::matchers: Can't find end of struct header
ERROR 2018-03-04T00:23:50Z: racer::matchers: Can't find end of struct header
ERROR 2018-03-04T00:23:50Z: racer::matchers: Can't find end of struct header
thread 'request-worker-2' panicked at 'byte index 18446744073709551615 is out of bounds of `

fn p`', libcore/str/mod.rs:2221:9
note: Run with `RUST_BACKTRACE=1` for a backtrace.
thread 'request-worker-6' panicked at 'byte index 18446744073709551615 is out of bounds of `

fn pars`', libcore/str/mod.rs:2221:9
thread 'request-worker-1' panicked at 'byte index 18446744073709551615 is out of bounds of `

fn parse`', libcore/str/mod.rs:2221:9
thread 'request-worker-3' panicked at 'byte index 18446744073709551615 is out of bounds of `

fn parse_`', libcore/str/mod.rs:2221:9
thread 'request-worker-0' panicked at 'byte index 18446744073709551615 is out of bounds of `

fn parse_t`', libcore/str/mod.rs:2221:9
thread 'request-worker-2' panicked at 'byte index 18446744073709551615 is out of bounds of `

fn parse_to`', libcore/str/mod.rs:2221:9
thread 'request-worker-4' panicked at 'byte index 18446744073709551615 is out of bounds of `

fn parse_tok`', libcore/str/mod.rs:2221:9
thread 'request-worker-0' panicked at 'byte index 18446744073709551615 is out of bounds of `

fn parse_toke`', libcore/str/mod.rs:2221:9
thread 'request-worker-4' panicked at 'byte index 18446744073709551615 is out of bounds of `

fn parse_token`', libcore/str/mod.rs:2221:9
thread 'request-worker-3' panicked at 'byte index 18446744073709551615 is out of bounds of `

fn parse_tokens`', libcore/str/mod.rs:2221:9
ERROR 2018-03-04T00:28:24Z: racer::matchers: Can't find end of struct header
ERROR 2018-03-04T00:28:24Z: racer::matchers: Can't find end of struct header
ERROR 2018-03-04T00:28:24Z: racer::matchers: Can't find end of struct header
thread 'request-worker-1' panicked at 'Can't find end of enum header', libcore/option.rs:917:5
error: expected identifier, found keyword `fn`
 --> bogofile:3:1
  |
3 | fn parse_tokens(tokens: Vec<Token>) {}
  | ^^

error: expected identifier, found keyword `fn`
 --> bogofile:3:1
  |
3 | fn parse_tokens(tokens: Vec<Token>) {}
  | ^^

error: expected identifier, found keyword `fn`
 --> bogofile:3:1
  |
3 | fn parse_tokens(tokens: Vec<Token>) {}
  | ^^

error: expected identifier, found keyword `fn`
 --> bogofile:3:1
  |
3 | fn parse_tokens(tokens: Vec<Token>) {}
  | ^^

error: expected identifier, found keyword `fn`
 --> bogofile:3:1
  |
3 | fn parse_tokens(tokens: Vec<Token>) {}
  | ^^

